<?xml version="1.0" encoding="UTF-8"?>
<!-- Generated by org.testng.reporters.JUnitXMLReporter -->
<testsuite hostname="claudiupc" ignored="2" name="ChromeOrderTests" tests="1" failures="1" timestamp="11 Feb 2020 15:20:37 GMT" time="81.781" errors="0">
  <testcase name="assert_LateOrder" time="68.938" classname="tests.Orders">
    <failure type="java.lang.AssertionError" message="expected [Late Order] but found [Out Of Stock]">
      <![CDATA[java.lang.AssertionError: expected [Late Order] but found [Out Of Stock]
at pages.DispensaryPage.assertLateOrder(DispensaryPage.java:79)
at tests.Orders.assert_LateOrder(Orders.java:56)
... Removed 31 stack frames]]>
    </failure>
  </testcase> <!-- assert_LateOrder -->
  <testcase name="shipOrder" time="0.0" classname="tests.Orders">
    <ignored/>
  </testcase> <!-- shipOrder -->
  <testcase name="placeOrder" time="0.0" classname="tests.Orders">
    <ignored/>
  </testcase> <!-- placeOrder -->
</testsuite> <!-- ChromeOrderTests -->
