<?xml version="1.0" encoding="UTF-8"?>
<!-- Generated by org.testng.reporters.JUnitXMLReporter -->
<testsuite hostname="SADDAM-KR" ignored="0" name="ChromeExportTests" tests="5" failures="2" timestamp="13 May 2020 14:02:14 GMT" time="115.579" errors="0">
  <testcase name="practitionerOrderReport_Export" time="23.207" classname="tests.ChromeExports"/>
  <testcase name="adminOrderReport_Export" time="26.478" classname="tests.ChromeExports"/>
  <testcase name="lotNumber_RecallReport" time="21.185" classname="tests.ChromeExports">
    <skipped/>
  </testcase> <!-- lotNumber_RecallReport -->
  <testcase name="lotNumber_RecallReport" time="19.006" classname="tests.ChromeExports">
    <failure type="org.openqa.selenium.ElementClickInterceptedException" message="element click intercepted: Element &amp;lt;span _ngcontent-tqo-c12=&amp;quot;&amp;quot;&amp;gt;...&amp;lt;/span&amp;gt; is not clickable at point (1869, 80). Other element would receive the click: &amp;lt;div _ngcontent-tqo-c12=&amp;quot;&amp;quot; class=&amp;quot;col-sm-6  col-xs-12  text-right  lot-number-recall-report__export&amp;quot;&amp;gt;...&amp;lt;/div&amp;gt;
  (Session info: chrome=81.0.4044.138)
Build info: version: &amp;apos;3.141.59&amp;apos;, revision: &amp;apos;e82be7d358&amp;apos;, time: &amp;apos;2018-11-14T08:17:03&amp;apos;
System info: host: &amp;apos;SADDAM-KR&amp;apos;, ip: &amp;apos;192.168.100.2&amp;apos;, os.name: &amp;apos;Windows 10&amp;apos;, os.arch: &amp;apos;amd64&amp;apos;, os.version: &amp;apos;10.0&amp;apos;, java.version: &amp;apos;1.8.0_201&amp;apos;
Driver info: org.openqa.selenium.chrome.ChromeDriver
Capabilities {acceptInsecureCerts: false, browserName: chrome, browserVersion: 81.0.4044.138, chrome: {chromedriverVersion: 81.0.4044.138 (8c6c7ba89cc9..., userDataDir: C:\Users\SADDAM\AppData\Loc...}, goog:chromeOptions: {debuggerAddress: localhost:62281}, javascriptEnabled: true, networkConnectionEnabled: false, pageLoadStrategy: none, platform: WINDOWS, platformName: WINDOWS, proxy: Proxy(), setWindowRect: true, strictFileInteractability: false, timeouts: {implicit: 0, pageLoad: 300000, script: 30000}, unhandledPromptBehavior: dismiss and notify, webauthn:virtualAuthenticators: true}
Session ID: f38ab5683e53ca162f30a7ef456d68b3">
      <![CDATA[org.openqa.selenium.ElementClickInterceptedException: element click intercepted: Element <span _ngcontent-tqo-c12="">...</span> is not clickable at point (1869, 80). Other element would receive the click: <div _ngcontent-tqo-c12="" class="col-sm-6  col-xs-12  text-right  lot-number-recall-report__export">...</div>
  (Session info: chrome=81.0.4044.138)
Build info: version: '3.141.59', revision: 'e82be7d358', time: '2018-11-14T08:17:03'
System info: host: 'SADDAM-KR', ip: '192.168.100.2', os.name: 'Windows 10', os.arch: 'amd64', os.version: '10.0', java.version: '1.8.0_201'
Driver info: org.openqa.selenium.chrome.ChromeDriver
Capabilities {acceptInsecureCerts: false, browserName: chrome, browserVersion: 81.0.4044.138, chrome: {chromedriverVersion: 81.0.4044.138 (8c6c7ba89cc9..., userDataDir: C:\Users\SADDAM\AppData\Loc...}, goog:chromeOptions: {debuggerAddress: localhost:62281}, javascriptEnabled: true, networkConnectionEnabled: false, pageLoadStrategy: none, platform: WINDOWS, platformName: WINDOWS, proxy: Proxy(), setWindowRect: true, strictFileInteractability: false, timeouts: {implicit: 0, pageLoad: 300000, script: 30000}, unhandledPromptBehavior: dismiss and notify, webauthn:virtualAuthenticators: true}
Session ID: f38ab5683e53ca162f30a7ef456d68b3
at org.openqa.selenium.remote.http.W3CHttpResponseCodec.createException(W3CHttpResponseCodec.java:187)
at org.openqa.selenium.remote.http.W3CHttpResponseCodec.decode(W3CHttpResponseCodec.java:122)
at org.openqa.selenium.remote.http.W3CHttpResponseCodec.decode(W3CHttpResponseCodec.java:49)
at org.openqa.selenium.remote.HttpCommandExecutor.execute(HttpCommandExecutor.java:158)
at org.openqa.selenium.remote.service.DriverCommandExecutor.execute(DriverCommandExecutor.java:83)
at org.openqa.selenium.remote.RemoteWebDriver.execute(RemoteWebDriver.java:552)
at org.openqa.selenium.remote.RemoteWebElement.execute(RemoteWebElement.java:285)
at org.openqa.selenium.remote.RemoteWebElement.click(RemoteWebElement.java:84)
at pages.AdminReports$LotNumberRecallReport.exportCSV(AdminReports.java:113)
at tests.ChromeExports.lotNumber_RecallReport(ChromeExports.java:45)
... Removed 29 stack frames]]>
    </failure>
  </testcase> <!-- lotNumber_RecallReport -->
  <testcase name="lotNumber_RecallReport" time="51.11" classname="tests.ChromeExports">
    <failure type="java.lang.NullPointerException">
      <![CDATA[java.lang.NullPointerException
at BaseTest.BaseTest.takeScreenshot(BaseTest.java:91)
at ListenersPackage.TestsListener.onTestFailure(TestsListener.java:28)
... Removed 22 stack frames]]>
    </failure>
  </testcase> <!-- lotNumber_RecallReport -->
</testsuite> <!-- ChromeExportTests -->
