<?xml version="1.0" encoding="UTF-8"?>
<!-- Generated by org.testng.reporters.JUnitXMLReporter -->
<testsuite hostname="claudiupc" ignored="1" name="FirefoxExportTests" tests="4" failures="1" timestamp="11 Feb 2020 12:45:14 GMT" time="137.445" errors="0">
  <testcase name="practitionerOrderReport_Export" time="11.973" classname="tests.FirefoxExports"/>
  <testcase name="adminOrderReport_Export" time="11.783" classname="tests.FirefoxExports"/>
  <testcase name="lotNumber_RecallReport" time="7.075" classname="tests.FirefoxExports">
    <failure type="org.openqa.selenium.ElementClickInterceptedException" message="Element &amp;lt;span&amp;gt; is not clickable at point (1315,81) because another element &amp;lt;div class=&amp;quot;col-sm-6  col-xs-12  text-right  lot-number-recall-report__export&amp;quot;&amp;gt; obscures it
Build info: version: &amp;apos;3.14.0&amp;apos;, revision: &amp;apos;aacccce0&amp;apos;, time: &amp;apos;2018-08-02T20:19:58.91Z&amp;apos;
System info: host: &amp;apos;CLAUDIUPC&amp;apos;, ip: &amp;apos;192.168.2.100&amp;apos;, os.name: &amp;apos;Windows 10&amp;apos;, os.arch: &amp;apos;amd64&amp;apos;, os.version: &amp;apos;10.0&amp;apos;, java.version: &amp;apos;1.8.0_221&amp;apos;
Driver info: org.openqa.selenium.firefox.FirefoxDriver
Capabilities {acceptInsecureCerts: true, browserName: firefox, browserVersion: 69.0, javascriptEnabled: true, moz:accessibilityChecks: false, moz:buildID: 20190805120428, moz:geckodriverVersion: 0.26.0, moz:headless: true, moz:processID: 22236, moz:profile: C:\Users\claudiu.maxim\AppD..., moz:shutdownTimeout: 60000, moz:useNonSpecCompliantPointerOrigin: false, moz:webdriverClick: true, pageLoadStrategy: normal, platform: WINDOWS, platformName: WINDOWS, platformVersion: 10.0, rotatable: false, setWindowRect: true, strictFileInteractability: false, timeouts: {implicit: 0, pageLoad: 300000, script: 30000}, unhandledPromptBehavior: dismiss and notify}
Session ID: def7ce46-4cac-4778-ba7e-a86ee7c7bf31">
      <![CDATA[org.openqa.selenium.ElementClickInterceptedException: Element <span> is not clickable at point (1315,81) because another element <div class="col-sm-6  col-xs-12  text-right  lot-number-recall-report__export"> obscures it
Build info: version: '3.14.0', revision: 'aacccce0', time: '2018-08-02T20:19:58.91Z'
System info: host: 'CLAUDIUPC', ip: '192.168.2.100', os.name: 'Windows 10', os.arch: 'amd64', os.version: '10.0', java.version: '1.8.0_221'
Driver info: org.openqa.selenium.firefox.FirefoxDriver
Capabilities {acceptInsecureCerts: true, browserName: firefox, browserVersion: 69.0, javascriptEnabled: true, moz:accessibilityChecks: false, moz:buildID: 20190805120428, moz:geckodriverVersion: 0.26.0, moz:headless: true, moz:processID: 22236, moz:profile: C:\Users\claudiu.maxim\AppD..., moz:shutdownTimeout: 60000, moz:useNonSpecCompliantPointerOrigin: false, moz:webdriverClick: true, pageLoadStrategy: normal, platform: WINDOWS, platformName: WINDOWS, platformVersion: 10.0, rotatable: false, setWindowRect: true, strictFileInteractability: false, timeouts: {implicit: 0, pageLoad: 300000, script: 30000}, unhandledPromptBehavior: dismiss and notify}
Session ID: def7ce46-4cac-4778-ba7e-a86ee7c7bf31
at org.openqa.selenium.remote.http.W3CHttpResponseCodec.createException(W3CHttpResponseCodec.java:187)
at org.openqa.selenium.remote.http.W3CHttpResponseCodec.decode(W3CHttpResponseCodec.java:122)
at org.openqa.selenium.remote.http.W3CHttpResponseCodec.decode(W3CHttpResponseCodec.java:49)
at org.openqa.selenium.remote.HttpCommandExecutor.execute(HttpCommandExecutor.java:158)
at org.openqa.selenium.remote.service.DriverCommandExecutor.execute(DriverCommandExecutor.java:83)
at org.openqa.selenium.remote.RemoteWebDriver.execute(RemoteWebDriver.java:548)
at org.openqa.selenium.remote.RemoteWebElement.execute(RemoteWebElement.java:276)
at org.openqa.selenium.remote.RemoteWebElement.click(RemoteWebElement.java:83)
at pages.AdminReports$LotNumberRecallReport.exportCSV(AdminReports.java:113)
at tests.FirefoxExports.lotNumber_RecallReport(FirefoxExports.java:39)
... Removed 29 stack frames]]>
    </failure>
  </testcase> <!-- lotNumber_RecallReport -->
  <testcase name="expired_LotNumber" time="13.979" classname="tests.FirefoxExports"/>
  <testcase name="thresholdReport" time="0.0" classname="tests.FirefoxExports">
    <ignored/>
  </testcase> <!-- thresholdReport -->
</testsuite> <!-- FirefoxExportTests -->
