<html>
<head>
<title>TestNG:  Helioscript-SmokeTests(FIREFOX)</title>
<link href="../testng.css" rel="stylesheet" type="text/css" />
<link href="../my-testng.css" rel="stylesheet" type="text/css" />

<style type="text/css">
.log { display: none;} 
.stack-trace { display: none;} 
</style>
<script type="text/javascript">
<!--
function flip(e) {
  current = e.style.display;
  if (current == 'block') {
    e.style.display = 'none';
    return 0;
  }
  else {
    e.style.display = 'block';
    return 1;
  }
}

function toggleBox(szDivId, elem, msg1, msg2)
{
  var res = -1;  if (document.getElementById) {
    res = flip(document.getElementById(szDivId));
  }
  else if (document.all) {
    // this is the way old msie versions work
    res = flip(document.all[szDivId]);
  }
  if(elem) {
    if(res == 0) elem.innerHTML = msg1; else elem.innerHTML = msg2;
  }

}

function toggleAllBoxes() {
  if (document.getElementsByTagName) {
    d = document.getElementsByTagName('div');
    for (i = 0; i < d.length; i++) {
      if (d[i].className == 'log') {
        flip(d[i]);
      }
    }
  }
}

// -->
</script>

</head>
<body>
<h2 align='center'>Helioscript-SmokeTests(FIREFOX)</h2><table border='1' align="center">
<tr>
<td>Tests passed/Failed/Skipped:</td><td>9/3/0</td>
</tr><tr>
<td>Started on:</td><td>Tue Feb 11 14:28:13 EET 2020</td>
</tr>
<tr><td>Total time:</td><td>324 seconds (324427 ms)</td>
</tr><tr>
<td>Included groups:</td><td></td>
</tr><tr>
<td>Excluded groups:</td><td></td>
</tr>
</table><p/>
<small><i>(Hover the method name to see the test class name)</i></small><p/>
<table width='100%' border='1' class='invocation-failed'>
<tr><td colspan='4' align='center'><b>FAILED TESTS</b></td></tr>
<tr><td><b>Test method</b></td>
<td width="30%"><b>Exception</b></td>
<td width="10%"><b>Time (seconds)</b></td>
<td><b>Instance</b></td>
</tr>
<tr>
<td title='tests.SmokeTests.send_AdminInvitation()'><b>send_AdminInvitation</b><br>Test class: tests.SmokeTests</td>
<td><div><pre>java.lang.AssertionError: expected [Invite has been sent.] but found [Employee RORY ISLA already invited.]
	at pages.AdminSettings$UserList.assert_sentInvitation(AdminSettings.java:201)
	at tests.SmokeTests.send_AdminInvitation(SmokeTests.java:150)
... Removed 31 stack frames</pre></div><a href='#' onClick='toggleBox("stack-trace438485434", this, "Click to show all stack frames", "Click to hide stack frames")'>Click to show all stack frames</a>
<div class='stack-trace' id='stack-trace438485434'><pre>java.lang.AssertionError: expected [Invite has been sent.] but found [Employee RORY ISLA already invited.]
	at org.testng.Assert.fail(Assert.java:96)
	at org.testng.Assert.failNotEquals(Assert.java:776)
	at org.testng.Assert.assertEqualsImpl(Assert.java:137)
	at org.testng.Assert.assertEquals(Assert.java:118)
	at org.testng.Assert.assertEquals(Assert.java:453)
	at org.testng.Assert.assertEquals(Assert.java:463)
	at pages.AdminSettings$UserList.assert_sentInvitation(AdminSettings.java:201)
	at tests.SmokeTests.send_AdminInvitation(SmokeTests.java:150)
	at sun.reflect.NativeMethodAccessorImpl.invoke0(Native Method)
	at sun.reflect.NativeMethodAccessorImpl.invoke(NativeMethodAccessorImpl.java:62)
	at sun.reflect.DelegatingMethodAccessorImpl.invoke(DelegatingMethodAccessorImpl.java:43)
	at java.lang.reflect.Method.invoke(Method.java:498)
	at org.testng.internal.MethodInvocationHelper.invokeMethod(MethodInvocationHelper.java:124)
	at org.testng.internal.Invoker.invokeMethod(Invoker.java:583)
	at org.testng.internal.Invoker.invokeTestMethod(Invoker.java:719)
	at org.testng.internal.Invoker.invokeTestMethods(Invoker.java:989)
	at org.testng.internal.TestMethodWorker.invokeTestMethods(TestMethodWorker.java:125)
	at org.testng.internal.TestMethodWorker.run(TestMethodWorker.java:109)
	at org.testng.TestRunner.privateRun(TestRunner.java:648)
	at org.testng.TestRunner.run(TestRunner.java:505)
	at org.testng.SuiteRunner.runTest(SuiteRunner.java:455)
	at org.testng.SuiteRunner.runSequentially(SuiteRunner.java:450)
	at org.testng.SuiteRunner.privateRun(SuiteRunner.java:415)
	at org.testng.SuiteRunner.run(SuiteRunner.java:364)
	at org.testng.SuiteRunnerWorker.runSuite(SuiteRunnerWorker.java:52)
	at org.testng.SuiteRunnerWorker.run(SuiteRunnerWorker.java:84)
	at org.testng.TestNG.runSuitesSequentially(TestNG.java:1208)
	at org.testng.TestNG.runSuitesLocally(TestNG.java:1137)
	at org.testng.TestNG.runSuites(TestNG.java:1049)
	at org.testng.TestNG.run(TestNG.java:1017)
	at org.testng.remote.AbstractRemoteTestNG.run(AbstractRemoteTestNG.java:114)
	at org.testng.remote.RemoteTestNG.initAndRun(RemoteTestNG.java:251)
	at org.testng.remote.RemoteTestNG.main(RemoteTestNG.java:77)
</pre></div></td>
<td>8</td>
<td>tests.SmokeTests@65e2dbf3</td></tr>
<tr>
<td title='tests.SmokeTests.send_CSRInvitation()'><b>send_CSRInvitation</b><br>Test class: tests.SmokeTests</td>
<td><div><pre>java.lang.AssertionError: expected [Invite has been sent.] but found [Employee EMMA LOUIS already invited.]
	at pages.AdminSettings$UserList.assert_sentInvitation(AdminSettings.java:201)
	at tests.SmokeTests.send_CSRInvitation(SmokeTests.java:168)
... Removed 31 stack frames</pre></div><a href='#' onClick='toggleBox("stack-trace1498401570", this, "Click to show all stack frames", "Click to hide stack frames")'>Click to show all stack frames</a>
<div class='stack-trace' id='stack-trace1498401570'><pre>java.lang.AssertionError: expected [Invite has been sent.] but found [Employee EMMA LOUIS already invited.]
	at org.testng.Assert.fail(Assert.java:96)
	at org.testng.Assert.failNotEquals(Assert.java:776)
	at org.testng.Assert.assertEqualsImpl(Assert.java:137)
	at org.testng.Assert.assertEquals(Assert.java:118)
	at org.testng.Assert.assertEquals(Assert.java:453)
	at org.testng.Assert.assertEquals(Assert.java:463)
	at pages.AdminSettings$UserList.assert_sentInvitation(AdminSettings.java:201)
	at tests.SmokeTests.send_CSRInvitation(SmokeTests.java:168)
	at sun.reflect.NativeMethodAccessorImpl.invoke0(Native Method)
	at sun.reflect.NativeMethodAccessorImpl.invoke(NativeMethodAccessorImpl.java:62)
	at sun.reflect.DelegatingMethodAccessorImpl.invoke(DelegatingMethodAccessorImpl.java:43)
	at java.lang.reflect.Method.invoke(Method.java:498)
	at org.testng.internal.MethodInvocationHelper.invokeMethod(MethodInvocationHelper.java:124)
	at org.testng.internal.Invoker.invokeMethod(Invoker.java:583)
	at org.testng.internal.Invoker.invokeTestMethod(Invoker.java:719)
	at org.testng.internal.Invoker.invokeTestMethods(Invoker.java:989)
	at org.testng.internal.TestMethodWorker.invokeTestMethods(TestMethodWorker.java:125)
	at org.testng.internal.TestMethodWorker.run(TestMethodWorker.java:109)
	at org.testng.TestRunner.privateRun(TestRunner.java:648)
	at org.testng.TestRunner.run(TestRunner.java:505)
	at org.testng.SuiteRunner.runTest(SuiteRunner.java:455)
	at org.testng.SuiteRunner.runSequentially(SuiteRunner.java:450)
	at org.testng.SuiteRunner.privateRun(SuiteRunner.java:415)
	at org.testng.SuiteRunner.run(SuiteRunner.java:364)
	at org.testng.SuiteRunnerWorker.runSuite(SuiteRunnerWorker.java:52)
	at org.testng.SuiteRunnerWorker.run(SuiteRunnerWorker.java:84)
	at org.testng.TestNG.runSuitesSequentially(TestNG.java:1208)
	at org.testng.TestNG.runSuitesLocally(TestNG.java:1137)
	at org.testng.TestNG.runSuites(TestNG.java:1049)
	at org.testng.TestNG.run(TestNG.java:1017)
	at org.testng.remote.AbstractRemoteTestNG.run(AbstractRemoteTestNG.java:114)
	at org.testng.remote.RemoteTestNG.initAndRun(RemoteTestNG.java:251)
	at org.testng.remote.RemoteTestNG.main(RemoteTestNG.java:77)
</pre></div></td>
<td>8</td>
<td>tests.SmokeTests@65e2dbf3</td></tr>
<tr>
<td title='tests.SmokeTests.send_CompounderInvitation()'><b>send_CompounderInvitation</b><br>Test class: tests.SmokeTests</td>
<td><div><pre>java.lang.AssertionError: expected [Invite has been sent.] but found [Employee HANNAH MUHAMMAD already invited.]
	at pages.AdminSettings$UserList.assert_sentInvitation(AdminSettings.java:201)
	at tests.SmokeTests.send_CompounderInvitation(SmokeTests.java:159)
... Removed 31 stack frames</pre></div><a href='#' onClick='toggleBox("stack-trace1828372669", this, "Click to show all stack frames", "Click to hide stack frames")'>Click to show all stack frames</a>
<div class='stack-trace' id='stack-trace1828372669'><pre>java.lang.AssertionError: expected [Invite has been sent.] but found [Employee HANNAH MUHAMMAD already invited.]
	at org.testng.Assert.fail(Assert.java:96)
	at org.testng.Assert.failNotEquals(Assert.java:776)
	at org.testng.Assert.assertEqualsImpl(Assert.java:137)
	at org.testng.Assert.assertEquals(Assert.java:118)
	at org.testng.Assert.assertEquals(Assert.java:453)
	at org.testng.Assert.assertEquals(Assert.java:463)
	at pages.AdminSettings$UserList.assert_sentInvitation(AdminSettings.java:201)
	at tests.SmokeTests.send_CompounderInvitation(SmokeTests.java:159)
	at sun.reflect.NativeMethodAccessorImpl.invoke0(Native Method)
	at sun.reflect.NativeMethodAccessorImpl.invoke(NativeMethodAccessorImpl.java:62)
	at sun.reflect.DelegatingMethodAccessorImpl.invoke(DelegatingMethodAccessorImpl.java:43)
	at java.lang.reflect.Method.invoke(Method.java:498)
	at org.testng.internal.MethodInvocationHelper.invokeMethod(MethodInvocationHelper.java:124)
	at org.testng.internal.Invoker.invokeMethod(Invoker.java:583)
	at org.testng.internal.Invoker.invokeTestMethod(Invoker.java:719)
	at org.testng.internal.Invoker.invokeTestMethods(Invoker.java:989)
	at org.testng.internal.TestMethodWorker.invokeTestMethods(TestMethodWorker.java:125)
	at org.testng.internal.TestMethodWorker.run(TestMethodWorker.java:109)
	at org.testng.TestRunner.privateRun(TestRunner.java:648)
	at org.testng.TestRunner.run(TestRunner.java:505)
	at org.testng.SuiteRunner.runTest(SuiteRunner.java:455)
	at org.testng.SuiteRunner.runSequentially(SuiteRunner.java:450)
	at org.testng.SuiteRunner.privateRun(SuiteRunner.java:415)
	at org.testng.SuiteRunner.run(SuiteRunner.java:364)
	at org.testng.SuiteRunnerWorker.runSuite(SuiteRunnerWorker.java:52)
	at org.testng.SuiteRunnerWorker.run(SuiteRunnerWorker.java:84)
	at org.testng.TestNG.runSuitesSequentially(TestNG.java:1208)
	at org.testng.TestNG.runSuitesLocally(TestNG.java:1137)
	at org.testng.TestNG.runSuites(TestNG.java:1049)
	at org.testng.TestNG.run(TestNG.java:1017)
	at org.testng.remote.AbstractRemoteTestNG.run(AbstractRemoteTestNG.java:114)
	at org.testng.remote.RemoteTestNG.initAndRun(RemoteTestNG.java:251)
	at org.testng.remote.RemoteTestNG.main(RemoteTestNG.java:77)
</pre></div></td>
<td>8</td>
<td>tests.SmokeTests@65e2dbf3</td></tr>
</table><p>
<table width='100%' border='1' class='invocation-passed'>
<tr><td colspan='4' align='center'><b>PASSED TESTS</b></td></tr>
<tr><td><b>Test method</b></td>
<td width="30%"><b>Exception</b></td>
<td width="10%"><b>Time (seconds)</b></td>
<td><b>Instance</b></td>
</tr>
<tr>
<td title='tests.SmokeTests.addNewPatient()'><b>addNewPatient</b><br>Test class: tests.SmokeTests</td>
<td></td>
<td>16</td>
<td>tests.SmokeTests@65e2dbf3</td></tr>
<tr>
<td title='tests.SmokeTests.add_new_coupon()'><b>add_new_coupon</b><br>Test class: tests.SmokeTests</td>
<td></td>
<td>5</td>
<td>tests.SmokeTests@65e2dbf3</td></tr>
<tr>
<td title='tests.SmokeTests.adjustAdd_inventory()'><b>adjustAdd_inventory</b><br>Test class: tests.SmokeTests</td>
<td></td>
<td>8</td>
<td>tests.SmokeTests@65e2dbf3</td></tr>
<tr>
<td title='tests.SmokeTests.adjustRemove_inventory()'><b>adjustRemove_inventory</b><br>Test class: tests.SmokeTests</td>
<td></td>
<td>8</td>
<td>tests.SmokeTests@65e2dbf3</td></tr>
<tr>
<td title='tests.SmokeTests.invalidCredentials()'><b>invalidCredentials</b><br>Test class: tests.SmokeTests</td>
<td></td>
<td>1</td>
<td>tests.SmokeTests@65e2dbf3</td></tr>
<tr>
<td title='tests.SmokeTests.medium_Management()'><b>medium_Management</b><br>Test class: tests.SmokeTests</td>
<td></td>
<td>7</td>
<td>tests.SmokeTests@65e2dbf3</td></tr>
<tr>
<td title='tests.SmokeTests.receive_inventory()'><b>receive_inventory</b><br>Test class: tests.SmokeTests</td>
<td></td>
<td>8</td>
<td>tests.SmokeTests@65e2dbf3</td></tr>
<tr>
<td title='tests.SmokeTests.setCommission()'><b>setCommission</b><br>Test class: tests.SmokeTests</td>
<td></td>
<td>7</td>
<td>tests.SmokeTests@65e2dbf3</td></tr>
<tr>
<td title='tests.SmokeTests.shipping_method()'><b>shipping_method</b><br>Test class: tests.SmokeTests</td>
<td></td>
<td>11</td>
<td>tests.SmokeTests@65e2dbf3</td></tr>
</table><p>
</body>
</html>