<?xml version="1.0" encoding="UTF-8"?>
<!-- Generated by org.testng.reporters.JUnitXMLReporter -->
<testsuite hostname="claudiu" ignored="12" name="Helioscript-SmokeTests(CHROME)" tests="0" failures="0" timestamp="22 May 2020 16:53:42 GMT" time="14.081" errors="0">
  <testcase name="@BeforeMethod setUp" time="14.051" classname="BaseTest.BaseTest">
    <failure type="org.openqa.selenium.SessionNotCreatedException" message="session not created
from chrome not reachable
  (Session info: chrome=81.0.4044.138)
Build info: version: &amp;apos;3.141.59&amp;apos;, revision: &amp;apos;e82be7d358&amp;apos;, time: &amp;apos;2018-11-14T08:17:03&amp;apos;
System info: host: &amp;apos;CLAUDIU&amp;apos;, ip: &amp;apos;192.168.100.2&amp;apos;, os.name: &amp;apos;Windows 10&amp;apos;, os.arch: &amp;apos;amd64&amp;apos;, os.version: &amp;apos;10.0&amp;apos;, java.version: &amp;apos;1.8.0_201&amp;apos;
Driver info: driver.version: ChromeDriver
remote stacktrace: Backtrace:
	Ordinal0 [0x005D5E93+2449043]
	Ordinal0 [0x00508281+1606273]
	Ordinal0 [0x003FF732+522034]
	Ordinal0 [0x003F94D2+496850]
	Ordinal0 [0x003F9BBB+498619]
	Ordinal0 [0x003FAB15+502549]
	Ordinal0 [0x003F6644+484932]
	Ordinal0 [0x00400520+525600]
	Ordinal0 [0x003ACBB9+183225]
	Ordinal0 [0x003ABF2D+180013]
	Ordinal0 [0x003A9E5B+171611]
	Ordinal0 [0x00391DD8+73176]
	Ordinal0 [0x00392E50+77392]
	Ordinal0 [0x00392DE9+77289]
	Ordinal0 [0x0051D7F7+1693687]
	GetHandleVerifier [0x00674576+522742]
	GetHandleVerifier [0x006742B4+522036]
	GetHandleVerifier [0x00689587+608775]
	GetHandleVerifier [0x00674DE6+524902]
	Ordinal0 [0x00515BDC+1661916]
	Ordinal0 [0x0051F15B+1700187]
	Ordinal0 [0x0051F2C3+1700547]
	Ordinal0 [0x00535135+1790261]
	BaseThreadInitThunk [0x76C36359+25]
	RtlGetAppContainerNamedObjectPath [0x77D87C24+228]
	RtlGetAppContainerNamedObjectPath [0x77D87BF4+180]
">
      <![CDATA[org.openqa.selenium.SessionNotCreatedException: session not created
from chrome not reachable
  (Session info: chrome=81.0.4044.138)
Build info: version: '3.141.59', revision: 'e82be7d358', time: '2018-11-14T08:17:03'
System info: host: 'CLAUDIU', ip: '192.168.100.2', os.name: 'Windows 10', os.arch: 'amd64', os.version: '10.0', java.version: '1.8.0_201'
Driver info: driver.version: ChromeDriver
remote stacktrace: Backtrace:
Ordinal0 [0x005D5E93+2449043]
Ordinal0 [0x00508281+1606273]
Ordinal0 [0x003FF732+522034]
Ordinal0 [0x003F94D2+496850]
Ordinal0 [0x003F9BBB+498619]
Ordinal0 [0x003FAB15+502549]
Ordinal0 [0x003F6644+484932]
Ordinal0 [0x00400520+525600]
Ordinal0 [0x003ACBB9+183225]
Ordinal0 [0x003ABF2D+180013]
Ordinal0 [0x003A9E5B+171611]
Ordinal0 [0x00391DD8+73176]
Ordinal0 [0x00392E50+77392]
Ordinal0 [0x00392DE9+77289]
Ordinal0 [0x0051D7F7+1693687]
GetHandleVerifier [0x00674576+522742]
GetHandleVerifier [0x006742B4+522036]
GetHandleVerifier [0x00689587+608775]
GetHandleVerifier [0x00674DE6+524902]
Ordinal0 [0x00515BDC+1661916]
Ordinal0 [0x0051F15B+1700187]
Ordinal0 [0x0051F2C3+1700547]
Ordinal0 [0x00535135+1790261]
BaseThreadInitThunk [0x76C36359+25]
RtlGetAppContainerNamedObjectPath [0x77D87C24+228]
RtlGetAppContainerNamedObjectPath [0x77D87BF4+180]

at org.openqa.selenium.remote.W3CHandshakeResponse.lambda$errorHandler$0(W3CHandshakeResponse.java:62)
at org.openqa.selenium.remote.HandshakeResponse.lambda$getResponseFunction$0(HandshakeResponse.java:30)
at org.openqa.selenium.remote.ProtocolHandshake.lambda$createSession$0(ProtocolHandshake.java:126)
at java.util.stream.ReferencePipeline$3$1.accept(ReferencePipeline.java:193)
at java.util.Spliterators$ArraySpliterator.tryAdvance(Spliterators.java:958)
at java.util.stream.ReferencePipeline.forEachWithCancel(ReferencePipeline.java:126)
at java.util.stream.AbstractPipeline.copyIntoWithCancel(AbstractPipeline.java:498)
at java.util.stream.AbstractPipeline.copyInto(AbstractPipeline.java:485)
at java.util.stream.AbstractPipeline.wrapAndCopyInto(AbstractPipeline.java:471)
at java.util.stream.FindOps$FindOp.evaluateSequential(FindOps.java:152)
at java.util.stream.AbstractPipeline.evaluate(AbstractPipeline.java:234)
at java.util.stream.ReferencePipeline.findFirst(ReferencePipeline.java:464)
at org.openqa.selenium.remote.ProtocolHandshake.createSession(ProtocolHandshake.java:128)
at org.openqa.selenium.remote.ProtocolHandshake.createSession(ProtocolHandshake.java:74)
at org.openqa.selenium.remote.HttpCommandExecutor.execute(HttpCommandExecutor.java:136)
at org.openqa.selenium.remote.service.DriverCommandExecutor.execute(DriverCommandExecutor.java:83)
at org.openqa.selenium.remote.RemoteWebDriver.execute(RemoteWebDriver.java:552)
at org.openqa.selenium.remote.RemoteWebDriver.startSession(RemoteWebDriver.java:213)
at org.openqa.selenium.remote.RemoteWebDriver.<init>(RemoteWebDriver.java:131)
at org.openqa.selenium.chrome.ChromeDriver.<init>(ChromeDriver.java:181)
at org.openqa.selenium.chrome.ChromeDriver.<init>(ChromeDriver.java:168)
at org.openqa.selenium.chrome.ChromeDriver.<init>(ChromeDriver.java:157)
at BaseTest.BaseTest.setUp(BaseTest.java:53)
... Removed 32 stack frames]]>
    </failure>
  </testcase> <!-- @BeforeMethod setUp -->
  <testcase name="add_new_coupon" time="0.0" classname="tests.SmokeTests">
    <ignored/>
  </testcase> <!-- add_new_coupon -->
  <testcase name="adjustAdd_inventory" time="0.0" classname="tests.SmokeTests">
    <ignored/>
  </testcase> <!-- adjustAdd_inventory -->
  <testcase name="medium_Management" time="0.0" classname="tests.SmokeTests">
    <ignored/>
  </testcase> <!-- medium_Management -->
  <testcase name="shipping_method" time="0.0" classname="tests.SmokeTests">
    <ignored/>
  </testcase> <!-- shipping_method -->
  <testcase name="orderHour" time="0.0" classname="tests.SmokeTests">
    <ignored/>
  </testcase> <!-- orderHour -->
  <testcase name="send_CSRInvitation" time="0.0" classname="tests.SmokeTests">
    <ignored/>
  </testcase> <!-- send_CSRInvitation -->
  <testcase name="send_CompounderInvitation" time="0.0" classname="tests.SmokeTests">
    <ignored/>
  </testcase> <!-- send_CompounderInvitation -->
  <testcase name="addNewPatient" time="0.0" classname="tests.SmokeTests">
    <ignored/>
  </testcase> <!-- addNewPatient -->
  <testcase name="invalidCredentials" time="0.0" classname="tests.SmokeTests">
    <ignored/>
  </testcase> <!-- invalidCredentials -->
  <testcase name="send_AdminInvitation" time="0.0" classname="tests.SmokeTests">
    <ignored/>
  </testcase> <!-- send_AdminInvitation -->
  <testcase name="adjustRemove_inventory" time="0.0" classname="tests.SmokeTests">
    <ignored/>
  </testcase> <!-- adjustRemove_inventory -->
  <testcase name="receive_inventory" time="0.0" classname="tests.SmokeTests">
    <ignored/>
  </testcase> <!-- receive_inventory -->
</testsuite> <!-- Helioscript-SmokeTests(CHROME) -->
