<?xml version="1.0" encoding="UTF-8"?>
<testng-results skipped="0" failed="1" ignored="2" total="3" passed="0">
  <reporter-output>
  </reporter-output>
  <suite name="Default suite" duration-ms="81781" started-at="2020-02-11T15:19:15Z" finished-at="2020-02-11T15:20:37Z">
    <groups>
    </groups>
    <test name="ChromeOrderTests" duration-ms="81781" started-at="2020-02-11T15:19:15Z" finished-at="2020-02-11T15:20:37Z">
      <class name="tests.Orders">
        <test-method status="PASS" signature="setUp(java.lang.String, java.lang.String)[pri:0, instance:tests.Orders@52a86356]" name="setUp" is-config="true" duration-ms="11615" started-at="2020-02-11T15:19:15Z" finished-at="2020-02-11T15:19:26Z">
          <params>
            <param index="0">
              <value>
                <![CDATA[chrome]]>
              </value>
            </param>
            <param index="1">
              <value>
                <![CDATA[http://sunten.stage.helioscript.com]]>
              </value>
            </param>
          </params>
          <reporter-output>
          </reporter-output>
        </test-method> <!-- setUp -->
        <test-method status="FAIL" signature="assert_LateOrder()[pri:3, instance:tests.Orders@52a86356]" name="assert_LateOrder" duration-ms="68938" started-at="2020-02-11T15:19:26Z" finished-at="2020-02-11T15:20:35Z">
          <exception class="java.lang.AssertionError">
            <message>
              <![CDATA[expected [Late Order] but found [Out Of Stock]]]>
            </message>
            <full-stacktrace>
              <![CDATA[java.lang.AssertionError: expected [Late Order] but found [Out Of Stock]
at org.testng.Assert.fail(Assert.java:96)
at org.testng.Assert.failNotEquals(Assert.java:776)
at org.testng.Assert.assertEqualsImpl(Assert.java:137)
at org.testng.Assert.assertEquals(Assert.java:118)
at org.testng.Assert.assertEquals(Assert.java:453)
at org.testng.Assert.assertEquals(Assert.java:463)
at pages.DispensaryPage.assertLateOrder(DispensaryPage.java:79)
at tests.Orders.assert_LateOrder(Orders.java:56)
at sun.reflect.NativeMethodAccessorImpl.invoke0(Native Method)
at sun.reflect.NativeMethodAccessorImpl.invoke(NativeMethodAccessorImpl.java:62)
at sun.reflect.DelegatingMethodAccessorImpl.invoke(DelegatingMethodAccessorImpl.java:43)
at java.lang.reflect.Method.invoke(Method.java:498)
at org.testng.internal.MethodInvocationHelper.invokeMethod(MethodInvocationHelper.java:124)
at org.testng.internal.Invoker.invokeMethod(Invoker.java:583)
at org.testng.internal.Invoker.invokeTestMethod(Invoker.java:719)
at org.testng.internal.Invoker.invokeTestMethods(Invoker.java:989)
at org.testng.internal.TestMethodWorker.invokeTestMethods(TestMethodWorker.java:125)
at org.testng.internal.TestMethodWorker.run(TestMethodWorker.java:109)
at org.testng.TestRunner.privateRun(TestRunner.java:648)
at org.testng.TestRunner.run(TestRunner.java:505)
at org.testng.SuiteRunner.runTest(SuiteRunner.java:455)
at org.testng.SuiteRunner.runSequentially(SuiteRunner.java:450)
at org.testng.SuiteRunner.privateRun(SuiteRunner.java:415)
at org.testng.SuiteRunner.run(SuiteRunner.java:364)
at org.testng.SuiteRunnerWorker.runSuite(SuiteRunnerWorker.java:52)
at org.testng.SuiteRunnerWorker.run(SuiteRunnerWorker.java:84)
at org.testng.TestNG.runSuitesSequentially(TestNG.java:1208)
at org.testng.TestNG.runSuitesLocally(TestNG.java:1137)
at org.testng.TestNG.runSuites(TestNG.java:1049)
at org.testng.TestNG.run(TestNG.java:1017)
at org.testng.remote.AbstractRemoteTestNG.run(AbstractRemoteTestNG.java:114)
at org.testng.remote.RemoteTestNG.initAndRun(RemoteTestNG.java:251)
at org.testng.remote.RemoteTestNG.main(RemoteTestNG.java:77)
]]>
            </full-stacktrace>
          </exception> <!-- java.lang.AssertionError -->
          <reporter-output>
          </reporter-output>
        </test-method> <!-- assert_LateOrder -->
        <test-method status="PASS" signature="tearDown()[pri:0, instance:tests.Orders@52a86356]" name="tearDown" is-config="true" duration-ms="708" started-at="2020-02-11T15:20:36Z" finished-at="2020-02-11T15:20:37Z">
          <reporter-output>
          </reporter-output>
        </test-method> <!-- tearDown -->
      </class> <!-- tests.Orders -->
    </test> <!-- ChromeOrderTests -->
  </suite> <!-- Default suite -->
</testng-results>
